<?xml version="1.0" encoding="UTF-8"?>
<!-- Generated by org.testng.reporters.JUnitReportReporter -->
<testsuite hostname="QA19-7" failures="0" tests="4" name="com.usm.qa.testcases.HomePageTest" time="70.097" errors="0" timestamp="2020-02-17T18:14:29 IST" skipped="0">
  <testcase classname="com.usm.qa.testcases.HomePageTest" name="verifyHomePageTitle" time="15.585"/>
  <testcase classname="com.usm.qa.testcases.HomePageTest" name="verifyuserName" time="18.966"/>
  <testcase classname="com.usm.qa.testcases.HomePageTest" name="verifyuserNameDisplay" time="17.665"/>
  <testcase classname="com.usm.qa.testcases.HomePageTest" name="verifyarchivePageTitle" time="17.881"/>
</testsuite> <!-- com.usm.qa.testcases.HomePageTest -->
