<?xml version="1.0" encoding="UTF-8"?>
<!-- Generated by org.testng.reporters.JUnitReportReporter -->
<testsuite hostname="QA19-7" failures="0" tests="4" name="com.usm.qa.testcases.LoginPageTest" time="63.258" errors="0" timestamp="2020-02-17T18:14:29 IST" skipped="0">
  <testcase classname="com.usm.qa.testcases.LoginPageTest" name="loginPageTitleTest" time="15.406"/>
  <testcase classname="com.usm.qa.testcases.LoginPageTest" name="VerifySarinelogo" time="14.216"/>
  <testcase classname="com.usm.qa.testcases.LoginPageTest" name="loginTest" time="16.386"/>
  <testcase classname="com.usm.qa.testcases.LoginPageTest" name="loginTestBoolean" time="17.250"/>
</testsuite> <!-- com.usm.qa.testcases.LoginPageTest -->
